C:\KONICA\TIFF2\TIFF_CONSOLE\TIFF_CONSOLE\RELEASE\APP.PCH
C:\KONICA\TIFF2\TIFF_CONSOLE\TIFF_CONSOLE\RELEASE\STDAFX.OBJ
C:\KONICA\TIFF2\TIFF_CONSOLE\TIFF_CONSOLE\RELEASE\VC110.PDB
C:\KONICA\TIFF2\TIFF_CONSOLE\TIFF_CONSOLE\RELEASE\UTILS.OBJ
C:\KONICA\TIFF2\TIFF_CONSOLE\TIFF_CONSOLE\RELEASE\TIFF_CONSOLE.OBJ
C:\KONICA\TIFF2\TIFF_CONSOLE\TIFF_CONSOLE\RELEASE\TIFFCMP.OBJ
C:\KONICA\TIFF2\TIFF_CONSOLE\TIFF_CONSOLE\RELEASE\TEST_REMOVE_BY_PAGE.OBJ
C:\KONICA\TIFF2\TIFF_CONSOLE\TIFF_CONSOLE\RELEASE\TEST_REMOVE_BLANK_PAGE.OBJ
C:\KONICA\TIFF2\TIFF_CONSOLE\TIFF_CONSOLE\RELEASE\TEST_MERGE_TIFFS.OBJ
C:\KONICA\TIFF2\TIFF_CONSOLE\TIFF_CONSOLE\RELEASE\REMOVE_BY_PAGE.OBJ
C:\KONICA\TIFF2\TIFF_CONSOLE\TIFF_CONSOLE\RELEASE\REMOVE_BLANK_PAGE.OBJ
C:\KONICA\TIFF2\TIFF_CONSOLE\TIFF_CONSOLE\RELEASE\MERGE_TIFFS.OBJ
C:\KONICA\TIFF2\TIFF_CONSOLE\RELEASE\APP.EXE
C:\KONICA\TIFF2\TIFF_CONSOLE\RELEASE\APP.PDB
C:\konica\tiff2\tiff_console\tiff_console\Release\merge_tiffs.obj
C:\konica\tiff2\tiff_console\tiff_console\Release\remove_blank_page.obj
C:\konica\tiff2\tiff_console\tiff_console\Release\remove_by_page.obj
C:\konica\tiff2\tiff_console\tiff_console\Release\stdafx.obj
C:\konica\tiff2\tiff_console\tiff_console\Release\test_merge_tiffs.obj
C:\konica\tiff2\tiff_console\tiff_console\Release\test_remove_blank_page.obj
C:\konica\tiff2\tiff_console\tiff_console\Release\test_remove_by_page.obj
C:\konica\tiff2\tiff_console\tiff_console\Release\tiffcmp.obj
C:\konica\tiff2\tiff_console\tiff_console\Release\tiff_console.obj
C:\konica\tiff2\tiff_console\tiff_console\Release\utils.obj
C:\konica\tiff2\tiff_console\tiff_console\Release\cl.command.1.tlog
C:\konica\tiff2\tiff_console\tiff_console\Release\CL.read.1.tlog
C:\konica\tiff2\tiff_console\tiff_console\Release\CL.write.1.tlog
C:\konica\tiff2\tiff_console\tiff_console\Release\link-cvtres.read.1.tlog
C:\konica\tiff2\tiff_console\tiff_console\Release\link-cvtres.write.1.tlog
C:\konica\tiff2\tiff_console\tiff_console\Release\link-rc.read.1.tlog
C:\konica\tiff2\tiff_console\tiff_console\Release\link-rc.write.1.tlog
C:\konica\tiff2\tiff_console\tiff_console\Release\link.command.1.tlog
C:\konica\tiff2\tiff_console\tiff_console\Release\link.read.1.tlog
C:\konica\tiff2\tiff_console\tiff_console\Release\link.write.1.tlog
C:\konica\tiff2\tiff_console\tiff_console\Release\app.pch
C:\konica\tiff2\tiff_console\tiff_console\Release\vc110.pdb
C:\konica\tiff2\tiff_console\Release\app.pdb
C:\konica\tiff2\tiff_console\Release\app.exe
