C:\KONICA\TIFF2\TIFF_CONSOLE\TIFF_CONSOLE\DEBUG\TIFF_CONSOLE.PCH
C:\KONICA\TIFF2\TIFF_CONSOLE\TIFF_CONSOLE\DEBUG\STDAFX.OBJ
C:\KONICA\TIFF2\TIFF_CONSOLE\TIFF_CONSOLE\DEBUG\VC110.PDB
C:\KONICA\TIFF2\TIFF_CONSOLE\TIFF_CONSOLE\DEBUG\TIFF_CONSOLE.OBJ
C:\konica\tiff2\tiff_console\tiff_console\Debug\stdafx.obj
C:\konica\tiff2\tiff_console\tiff_console\Debug\tiff_console.obj
C:\konica\tiff2\tiff_console\tiff_console\Debug\cl.command.1.tlog
C:\konica\tiff2\tiff_console\tiff_console\Debug\CL.read.1.tlog
C:\konica\tiff2\tiff_console\tiff_console\Debug\CL.write.1.tlog
C:\konica\tiff2\tiff_console\tiff_console\Debug\link-cvtres.read.1.tlog
C:\konica\tiff2\tiff_console\tiff_console\Debug\link-cvtres.write.1.tlog
C:\konica\tiff2\tiff_console\tiff_console\Debug\link-rc.read.1.tlog
C:\konica\tiff2\tiff_console\tiff_console\Debug\link-rc.write.1.tlog
C:\konica\tiff2\tiff_console\tiff_console\Debug\link.command.1.tlog
C:\konica\tiff2\tiff_console\tiff_console\Debug\link.read.1.tlog
C:\konica\tiff2\tiff_console\tiff_console\Debug\link.write.1.tlog
C:\konica\tiff2\tiff_console\tiff_console\Debug\tiff_console.pch
C:\konica\tiff2\tiff_console\tiff_console\Debug\vc110.idb
C:\konica\tiff2\tiff_console\tiff_console\Debug\vc110.pdb
C:\konica\tiff2\tiff_console\Debug\tiff_console.pdb
